Using pre-set license
Built from '2020.3/staging' branch; Version is '2020.3.25f1 (9b9180224418) revision 10195328'; Using compiler version '192528614'; Build Type 'Release'
OS: 'Windows 10  (10.0.19042) 64bit Professional' Language: 'es' Physical Memory: 16318 MB
BatchMode: 1, IsHumanControllingUs: 0, StartBugReporterOnCrash: 0, Is64bit: 1, IsPro: 0

COMMAND LINE ARGUMENTS:
C:\Program Files\Unity\Hub\Editor\2020.3.25f1\Editor\Unity.exe
-adb2
-batchMode
-noUpm
-name
AssetImportWorker0
-projectPath
E:/Proyectos Unity/Carcel 2d
-logFile
Logs/AssetImportWorker0.log
-srvPort
52332
Successfully changed project path to: E:/Proyectos Unity/Carcel 2d
E:/Proyectos Unity/Carcel 2d
Using Asset Import Pipeline V2.
Refreshing native plugins compatible for Editor in 48.98 ms, found 3 plugins.
Preloading 0 native plugins for Editor in 0.00 ms.
Initialize engine version: 2020.3.25f1 (9b9180224418)
[Subsystems] Discovering subsystems at path C:/Program Files/Unity/Hub/Editor/2020.3.25f1/Editor/Data/Resources/UnitySubsystems
[Subsystems] Discovering subsystems at path E:/Proyectos Unity/Carcel 2d/Assets
GfxDevice: creating device client; threaded=0
Direct3D:
    Version:  Direct3D 11.0 [level 11.1]
    Renderer: NVIDIA GeForce GTX 970 (ID=0x13c2)
    Vendor:   
    VRAM:     4043 MB
    Driver:   30.0.15.1123
Initialize mono
Mono path[0] = 'C:/Program Files/Unity/Hub/Editor/2020.3.25f1/Editor/Data/Managed'
Mono path[1] = 'C:/Program Files/Unity/Hub/Editor/2020.3.25f1/Editor/Data/MonoBleedingEdge/lib/mono/unityjit'
Mono config path = 'C:/Program Files/Unity/Hub/Editor/2020.3.25f1/Editor/Data/MonoBleedingEdge/etc'
Using monoOptions --debugger-agent=transport=dt_socket,embedding=1,server=y,suspend=n,address=127.0.0.1:56324
Begin MonoManager ReloadAssembly
Registering precompiled unity dll's ...
Register platform support module: C:/Program Files/Unity/Hub/Editor/2020.3.25f1/Editor/Data/PlaybackEngines/WindowsStandaloneSupport/UnityEditor.WindowsStandalone.Extensions.dll
Registered in 0.002642 seconds.
Native extension for WindowsStandalone target not found
Refreshing native plugins compatible for Editor in 49.47 ms, found 3 plugins.
Preloading 0 native plugins for Editor in 0.00 ms.
Mono: successfully reloaded assembly
- Completed reload, in  0.647 seconds
Domain Reload Profiling:
	ReloadAssembly (648ms)
		BeginReloadAssembly (63ms)
			ExecutionOrderSort (0ms)
			DisableScriptedObjects (0ms)
			BackupInstance (0ms)
			ReleaseScriptingObjects (0ms)
			CreateAndSetChildDomain (1ms)
		EndReloadAssembly (500ms)
			LoadAssemblies (60ms)
			RebuildTransferFunctionScriptingTraits (0ms)
			SetupTypeCache (161ms)
			ReleaseScriptCaches (0ms)
			RebuildScriptCaches (31ms)
			SetupLoadedEditorAssemblies (193ms)
				LogAssemblyErrors (0ms)
				InitializePlatformSupportModulesInManaged (5ms)
				SetLoadedEditorAssemblies (0ms)
				RefreshPlugins (50ms)
				BeforeProcessingInitializeOnLoad (18ms)
				ProcessInitializeOnLoadAttributes (90ms)
				ProcessInitializeOnLoadMethodAttributes (30ms)
				AfterProcessingInitializeOnLoad (0ms)
				EditorAssembliesLoaded (0ms)
			ExecutionOrderSort2 (0ms)
			AwakeInstancesAfterBackupRestoration (0ms)
Platform modules already initialized, skipping
Registering precompiled user dll's ...
Registered in 0.005062 seconds.
Begin MonoManager ReloadAssembly
Native extension for WindowsStandalone target not found
Refreshing native plugins compatible for Editor in 48.56 ms, found 3 plugins.
Preloading 0 native plugins for Editor in 0.00 ms.
Mono: successfully reloaded assembly
- Completed reload, in  1.220 seconds
Domain Reload Profiling:
	ReloadAssembly (1221ms)
		BeginReloadAssembly (155ms)
			ExecutionOrderSort (0ms)
			DisableScriptedObjects (5ms)
			BackupInstance (0ms)
			ReleaseScriptingObjects (0ms)
			CreateAndSetChildDomain (18ms)
		EndReloadAssembly (995ms)
			LoadAssemblies (107ms)
			RebuildTransferFunctionScriptingTraits (0ms)
			SetupTypeCache (322ms)
			ReleaseScriptCaches (1ms)
			RebuildScriptCaches (48ms)
			SetupLoadedEditorAssemblies (374ms)
				LogAssemblyErrors (0ms)
				InitializePlatformSupportModulesInManaged (4ms)
				SetLoadedEditorAssemblies (0ms)
				RefreshPlugins (49ms)
				BeforeProcessingInitializeOnLoad (85ms)
				ProcessInitializeOnLoadAttributes (209ms)
				ProcessInitializeOnLoadMethodAttributes (18ms)
				AfterProcessingInitializeOnLoad (9ms)
				EditorAssembliesLoaded (0ms)
			ExecutionOrderSort2 (0ms)
			AwakeInstancesAfterBackupRestoration (7ms)
Platform modules already initialized, skipping
========================================================================
Worker process is ready to serve import requests
Launched and connected shader compiler UnityShaderCompiler.exe after 0.32 seconds
Refreshing native plugins compatible for Editor in 0.49 ms, found 3 plugins.
Preloading 0 native plugins for Editor in 0.00 ms.
Unloading 2193 Unused Serialized files (Serialized files now loaded: 0)
System memory in use before: 95.8 MB.
System memory in use after: 95.9 MB.

Unloading 28 unused Assets to reduce memory usage. Loaded Objects now: 2626.
Total: 3.305300 ms (FindLiveObjects: 0.206000 ms CreateObjectMapping: 0.049600 ms MarkObjects: 2.966900 ms  DeleteObjects: 0.081800 ms)

AssetImportParameters requested are different than current active one (requested -> active):
  requireTextureImportCompression: false -> true
  custom:framework-win-MediaFoundation: 216162199b28c13a410421893ffa2e32 -> 
  custom:video-decoder-ogg-theora: a1e56fd34408186e4bbccfd4996cb3dc -> 
  custom:container-muxer-webm: aa71ff27fc2769a1b78a27578f13a17b -> 
  custom:container-demuxer-webm: 4f35f7cbe854078d1ac9338744f61a02 -> 
  custom:container-demuxer-ogg: 62fdf1f143b41e24485cea50d1cbac27 -> 
  custom:video-encoder-webm-vp8: eb34c28f22e8b96e1ab97ce403110664 -> 
  custom:video-decoder-webm-vp8: 9c59270c3fd7afecdb556c50c9e8de78 -> 
  custom:audio-decoder-ogg-vorbis: bf7c407c2cedff20999df2af8eb42d56 -> 
  custom:audio-encoder-webm-vorbis: bf7c407c2cedff20999df2af8eb42d56 -> 
========================================================================
Received Import Request.
  path: Assets
  artifactKey: Guid(00000000000000001000000000000000) Importer(815301076,1909f56bfc062723c751e8b465ee728b)
Start importing Assets using Guid(00000000000000001000000000000000) Importer(815301076,1909f56bfc062723c751e8b465ee728b)  -> (artifact id: '42d402b061de3733987d63b9cc3b64de') in 0.020573 seconds 
  Import took 0.026818 seconds .

========================================================================
Received Import Request.
  Time since last request: 3.091083 seconds.
  path: Assets/Carcel2d
  artifactKey: Guid(db51d55acfb13364982a3938339c29f9) Importer(815301076,1909f56bfc062723c751e8b465ee728b)
Start importing Assets/Carcel2d using Guid(db51d55acfb13364982a3938339c29f9) Importer(815301076,1909f56bfc062723c751e8b465ee728b)  -> (artifact id: '200558caa8d95fd829e6fc4fb768cda5') in 0.007575 seconds 
  Import took 0.018356 seconds .

========================================================================
Received Import Request.
  Time since last request: 8.917139 seconds.
  path: Assets/Carcel2d/Art
  artifactKey: Guid(ffd3bd849937a4c418434ec33add2b44) Importer(815301076,1909f56bfc062723c751e8b465ee728b)
Start importing Assets/Carcel2d/Art using Guid(ffd3bd849937a4c418434ec33add2b44) Importer(815301076,1909f56bfc062723c751e8b465ee728b)  -> (artifact id: '5817889dbe3b4b2694c2d7067dcf8c2e') in 0.007186 seconds 
  Import took 0.013704 seconds .

========================================================================
Received Import Request.
  Time since last request: 8.624269 seconds.
  path: Assets/Carcel2d/Art/Tileset
  artifactKey: Guid(e7bc2226a9e84e04e864de00b29e48b2) Importer(815301076,1909f56bfc062723c751e8b465ee728b)
Start importing Assets/Carcel2d/Art/Tileset using Guid(e7bc2226a9e84e04e864de00b29e48b2) Importer(815301076,1909f56bfc062723c751e8b465ee728b)  -> (artifact id: 'cf8578218e98f02a43577b8dbb9e5adc') in 0.006652 seconds 
  Import took 0.015154 seconds .

========================================================================
Received Import Request.
  Time since last request: 10.863819 seconds.
  path: Assets/Carcel2d/Art/Tileset/suelocompleto.png
  artifactKey: Guid(202698793ba82c7409a4ccda4263785e) Importer(815301076,1909f56bfc062723c751e8b465ee728b)
Start importing Assets/Carcel2d/Art/Tileset/suelocompleto.png using Guid(202698793ba82c7409a4ccda4263785e) Importer(815301076,1909f56bfc062723c751e8b465ee728b)  -> (artifact id: 'c9fe817ae355cf7e63633e77c8979a55') in 0.147404 seconds 
  Import took 0.152403 seconds .

========================================================================
Received Import Request.
  Time since last request: 55.152594 seconds.
  path: Assets/Carcel2d/Art/Tileset/suelocompleto.png
  artifactKey: Guid(202698793ba82c7409a4ccda4263785e) Importer(815301076,1909f56bfc062723c751e8b465ee728b)
Start importing Assets/Carcel2d/Art/Tileset/suelocompleto.png using Guid(202698793ba82c7409a4ccda4263785e) Importer(815301076,1909f56bfc062723c751e8b465ee728b)  -> (artifact id: '5a01788f88907ea691a0971590551d6a') in 0.010108 seconds 
  Import took 0.061899 seconds .

========================================================================
Received Import Request.
  Time since last request: 81.559233 seconds.
  path: Assets/Carcel2d/Art/Tileset/suelocompleto.png
  artifactKey: Guid(202698793ba82c7409a4ccda4263785e) Importer(815301076,1909f56bfc062723c751e8b465ee728b)
Start importing Assets/Carcel2d/Art/Tileset/suelocompleto.png using Guid(202698793ba82c7409a4ccda4263785e) Importer(815301076,1909f56bfc062723c751e8b465ee728b)  -> (artifact id: '9cdd1d3f3fd51a2c17db335c07b797d4') in 0.016167 seconds 
  Import took 0.063469 seconds .

========================================================================
Received Import Request.
  Time since last request: 30.566993 seconds.
  path: Assets/Carcel2d/Art/Tileset/suelocompleto.png
  artifactKey: Guid(202698793ba82c7409a4ccda4263785e) Importer(815301076,1909f56bfc062723c751e8b465ee728b)
Start importing Assets/Carcel2d/Art/Tileset/suelocompleto.png using Guid(202698793ba82c7409a4ccda4263785e) Importer(815301076,1909f56bfc062723c751e8b465ee728b)  -> (artifact id: '5fe4e2a2825064796c8795f6695debbe') in 0.014891 seconds 
  Import took 0.040669 seconds .

========================================================================
Received Import Request.
  Time since last request: 168.827199 seconds.
  path: Assets/Carcel2d/Art/Tilemap/CarcelPalete.prefab
  artifactKey: Guid(b15be05fb3a3d8144a1d080667794c3a) Importer(815301076,1909f56bfc062723c751e8b465ee728b)
Start importing Assets/Carcel2d/Art/Tilemap/CarcelPalete.prefab using Guid(b15be05fb3a3d8144a1d080667794c3a) Importer(815301076,1909f56bfc062723c751e8b465ee728b)  -> (artifact id: '5856a80cb359c37d166634c9dfa05655') in 0.132253 seconds 
  Import took 0.135980 seconds .

========================================================================
Received Import Request.
  Time since last request: 113.314160 seconds.
  path: Assets/Carcel2d/Art/Tile Palette/CarcelPalete.prefab
  artifactKey: Guid(b15be05fb3a3d8144a1d080667794c3a) Importer(815301076,1909f56bfc062723c751e8b465ee728b)
Start importing Assets/Carcel2d/Art/Tile Palette/CarcelPalete.prefab using Guid(b15be05fb3a3d8144a1d080667794c3a) Importer(815301076,1909f56bfc062723c751e8b465ee728b)  -> (artifact id: '03adffb1aa89aa5d14224276f9dfd62c') in 0.008075 seconds 
  Import took 0.022133 seconds .

========================================================================
Received Import Request.
  Time since last request: 46.587607 seconds.
  path: Assets/Carcel2d/Art/Tile map
  artifactKey: Guid(8b9073efa18a80041aeaa302792ec6f4) Importer(815301076,1909f56bfc062723c751e8b465ee728b)
Start importing Assets/Carcel2d/Art/Tile map using Guid(8b9073efa18a80041aeaa302792ec6f4) Importer(815301076,1909f56bfc062723c751e8b465ee728b)  -> (artifact id: 'a4cb5d0d70cab6c1639d01a1e452e53b') in 0.005886 seconds 
  Import took 0.018149 seconds .

========================================================================
Received Import Request.
  Time since last request: 1490.825487 seconds.
  path: Assets/Carcel2d/Art/Tile map/suelocompleto_0.asset
  artifactKey: Guid(170d60f51ed057d4880131cff2c911ed) Importer(815301076,1909f56bfc062723c751e8b465ee728b)
Start importing Assets/Carcel2d/Art/Tile map/suelocompleto_0.asset using Guid(170d60f51ed057d4880131cff2c911ed) Importer(815301076,1909f56bfc062723c751e8b465ee728b)  -> (artifact id: '3a2d7accde40e2075f69c7e33b1bc57b') in 0.021366 seconds 
  Import took 0.025754 seconds .

========================================================================
Received Import Request.
  Time since last request: 0.000173 seconds.
  path: Assets/Carcel2d/Art/Tile map/suelocompleto_1.asset
  artifactKey: Guid(348ad39f3ec8ffb45ba80b87fd8e4503) Importer(815301076,1909f56bfc062723c751e8b465ee728b)
Start importing Assets/Carcel2d/Art/Tile map/suelocompleto_1.asset using Guid(348ad39f3ec8ffb45ba80b87fd8e4503) Importer(815301076,1909f56bfc062723c751e8b465ee728b)  -> (artifact id: '4980d5f654fd385731ea2e9680eb8a0b') in 0.012296 seconds 
  Import took 0.016948 seconds .

========================================================================
Received Import Request.
  Time since last request: 12.887829 seconds.
  path: Assets/Carcel2d/Art/Tileset/Fondo.png
  artifactKey: Guid(ab989174c9c9fda409b67f5b2a303f0e) Importer(815301076,1909f56bfc062723c751e8b465ee728b)
Start importing Assets/Carcel2d/Art/Tileset/Fondo.png using Guid(ab989174c9c9fda409b67f5b2a303f0e) Importer(815301076,1909f56bfc062723c751e8b465ee728b)  -> (artifact id: '7701008a74a68e6731cba24e069d06cd') in 0.020085 seconds 
  Import took 0.024103 seconds .

========================================================================
Received Import Request.
  Time since last request: 14710.844067 seconds.
  path: Assets/Carcel2d/Art/Tileset/fondo.png
  artifactKey: Guid(ab989174c9c9fda409b67f5b2a303f0e) Importer(815301076,1909f56bfc062723c751e8b465ee728b)
Start importing Assets/Carcel2d/Art/Tileset/fondo.png using Guid(ab989174c9c9fda409b67f5b2a303f0e) Importer(815301076,1909f56bfc062723c751e8b465ee728b)  -> (artifact id: '98df776295470a36d72e423f5115f049') in 0.025951 seconds 
  Import took 0.030089 seconds .

========================================================================
Received Import Request.
  Time since last request: 12.000367 seconds.
  path: Assets/Carcel2d/Art/Tileset/fondo.png
  artifactKey: Guid(ab989174c9c9fda409b67f5b2a303f0e) Importer(815301076,1909f56bfc062723c751e8b465ee728b)
Start importing Assets/Carcel2d/Art/Tileset/fondo.png using Guid(ab989174c9c9fda409b67f5b2a303f0e) Importer(815301076,1909f56bfc062723c751e8b465ee728b)  -> (artifact id: '1bf14163b6c2f34809695a4b5846fbfe') in 0.008162 seconds 
  Import took 0.011879 seconds .

========================================================================
Received Import Request.
  Time since last request: 12.366720 seconds.
  path: Assets/Carcel2d/Art/Tileset/fondo.png
  artifactKey: Guid(ab989174c9c9fda409b67f5b2a303f0e) Importer(815301076,1909f56bfc062723c751e8b465ee728b)
Start importing Assets/Carcel2d/Art/Tileset/fondo.png using Guid(ab989174c9c9fda409b67f5b2a303f0e) Importer(815301076,1909f56bfc062723c751e8b465ee728b)  -> (artifact id: '9cb57e741cbe06a7536445bdc349e3f4') in 0.011005 seconds 
  Import took 0.014699 seconds .

========================================================================
Received Prepare
Registering precompiled user dll's ...
Registered in 0.008983 seconds.
Begin MonoManager ReloadAssembly
Native extension for WindowsStandalone target not found
Refreshing native plugins compatible for Editor in 0.53 ms, found 3 plugins.
Preloading 0 native plugins for Editor in 0.00 ms.
Mono: successfully reloaded assembly
- Completed reload, in  1.113 seconds
Domain Reload Profiling:
	ReloadAssembly (1113ms)
		BeginReloadAssembly (126ms)
			ExecutionOrderSort (0ms)
			DisableScriptedObjects (7ms)
			BackupInstance (0ms)
			ReleaseScriptingObjects (0ms)
			CreateAndSetChildDomain (44ms)
		EndReloadAssembly (909ms)
			LoadAssemblies (102ms)
			RebuildTransferFunctionScriptingTraits (0ms)
			SetupTypeCache (321ms)
			ReleaseScriptCaches (1ms)
			RebuildScriptCaches (43ms)
			SetupLoadedEditorAssemblies (331ms)
				LogAssemblyErrors (0ms)
				InitializePlatformSupportModulesInManaged (6ms)
				SetLoadedEditorAssemblies (1ms)
				RefreshPlugins (1ms)
				BeforeProcessingInitializeOnLoad (92ms)
				ProcessInitializeOnLoadAttributes (209ms)
				ProcessInitializeOnLoadMethodAttributes (12ms)
				AfterProcessingInitializeOnLoad (11ms)
				EditorAssembliesLoaded (0ms)
			ExecutionOrderSort2 (0ms)
			AwakeInstancesAfterBackupRestoration (12ms)
Platform modules already initialized, skipping
Refreshing native plugins compatible for Editor in 0.52 ms, found 3 plugins.
Preloading 0 native plugins for Editor in 0.00 ms.
Unloading 2182 Unused Serialized files (Serialized files now loaded: 0)
System memory in use before: 98.1 MB.
System memory in use after: 98.3 MB.

Unloading 17 unused Assets to reduce memory usage. Loaded Objects now: 2642.
Total: 3.935400 ms (FindLiveObjects: 0.255800 ms CreateObjectMapping: 0.067300 ms MarkObjects: 3.590900 ms  DeleteObjects: 0.020000 ms)

AssetImportParameters requested are different than current active one (requested -> active):
  requireTextureImportCompression: false -> true
  custom:framework-win-MediaFoundation: 216162199b28c13a410421893ffa2e32 -> 
  custom:video-decoder-ogg-theora: a1e56fd34408186e4bbccfd4996cb3dc -> 
  custom:container-muxer-webm: aa71ff27fc2769a1b78a27578f13a17b -> 
  custom:container-demuxer-webm: 4f35f7cbe854078d1ac9338744f61a02 -> 
  custom:container-demuxer-ogg: 62fdf1f143b41e24485cea50d1cbac27 -> 
  custom:video-encoder-webm-vp8: eb34c28f22e8b96e1ab97ce403110664 -> 
  custom:video-decoder-webm-vp8: 9c59270c3fd7afecdb556c50c9e8de78 -> 
  custom:audio-decoder-ogg-vorbis: bf7c407c2cedff20999df2af8eb42d56 -> 
  custom:audio-encoder-webm-vorbis: bf7c407c2cedff20999df2af8eb42d56 -> 
========================================================================
Received Prepare
Registering precompiled user dll's ...
Registered in 0.004902 seconds.
Begin MonoManager ReloadAssembly
Native extension for WindowsStandalone target not found
Refreshing native plugins compatible for Editor in 0.52 ms, found 3 plugins.
Preloading 0 native plugins for Editor in 0.00 ms.
Mono: successfully reloaded assembly
- Completed reload, in  1.072 seconds
Domain Reload Profiling:
	ReloadAssembly (1072ms)
		BeginReloadAssembly (114ms)
			ExecutionOrderSort (0ms)
			DisableScriptedObjects (7ms)
			BackupInstance (0ms)
			ReleaseScriptingObjects (0ms)
			CreateAndSetChildDomain (34ms)
		EndReloadAssembly (889ms)
			LoadAssemblies (100ms)
			RebuildTransferFunctionScriptingTraits (0ms)
			SetupTypeCache (309ms)
			ReleaseScriptCaches (1ms)
			RebuildScriptCaches (44ms)
			SetupLoadedEditorAssemblies (327ms)
				LogAssemblyErrors (0ms)
				InitializePlatformSupportModulesInManaged (5ms)
				SetLoadedEditorAssemblies (1ms)
				RefreshPlugins (1ms)
				BeforeProcessingInitializeOnLoad (87ms)
				ProcessInitializeOnLoadAttributes (211ms)
				ProcessInitializeOnLoadMethodAttributes (12ms)
				AfterProcessingInitializeOnLoad (10ms)
				EditorAssembliesLoaded (0ms)
			ExecutionOrderSort2 (0ms)
			AwakeInstancesAfterBackupRestoration (10ms)
Platform modules already initialized, skipping
Refreshing native plugins compatible for Editor in 0.54 ms, found 3 plugins.
Preloading 0 native plugins for Editor in 0.00 ms.
Unloading 2182 Unused Serialized files (Serialized files now loaded: 0)
System memory in use before: 98.2 MB.
System memory in use after: 98.3 MB.

Unloading 17 unused Assets to reduce memory usage. Loaded Objects now: 2644.
Total: 3.656300 ms (FindLiveObjects: 0.210900 ms CreateObjectMapping: 0.051800 ms MarkObjects: 3.369900 ms  DeleteObjects: 0.022200 ms)

AssetImportParameters requested are different than current active one (requested -> active):
  requireTextureImportCompression: false -> true
  custom:framework-win-MediaFoundation: 216162199b28c13a410421893ffa2e32 -> 
  custom:video-decoder-ogg-theora: a1e56fd34408186e4bbccfd4996cb3dc -> 
  custom:container-muxer-webm: aa71ff27fc2769a1b78a27578f13a17b -> 
  custom:container-demuxer-webm: 4f35f7cbe854078d1ac9338744f61a02 -> 
  custom:container-demuxer-ogg: 62fdf1f143b41e24485cea50d1cbac27 -> 
  custom:video-encoder-webm-vp8: eb34c28f22e8b96e1ab97ce403110664 -> 
  custom:video-decoder-webm-vp8: 9c59270c3fd7afecdb556c50c9e8de78 -> 
  custom:audio-decoder-ogg-vorbis: bf7c407c2cedff20999df2af8eb42d56 -> 
  custom:audio-encoder-webm-vorbis: bf7c407c2cedff20999df2af8eb42d56 -> 
========================================================================
Received Prepare
Registering precompiled user dll's ...
Registered in 0.006914 seconds.
Begin MonoManager ReloadAssembly
Native extension for WindowsStandalone target not found
Refreshing native plugins compatible for Editor in 0.55 ms, found 3 plugins.
Preloading 0 native plugins for Editor in 0.00 ms.
Mono: successfully reloaded assembly
- Completed reload, in  1.090 seconds
Domain Reload Profiling:
	ReloadAssembly (1091ms)
		BeginReloadAssembly (118ms)
			ExecutionOrderSort (0ms)
			DisableScriptedObjects (10ms)
			BackupInstance (0ms)
			ReleaseScriptingObjects (0ms)
			CreateAndSetChildDomain (33ms)
		EndReloadAssembly (903ms)
			LoadAssemblies (100ms)
			RebuildTransferFunctionScriptingTraits (0ms)
			SetupTypeCache (308ms)
			ReleaseScriptCaches (1ms)
			RebuildScriptCaches (43ms)
			SetupLoadedEditorAssemblies (341ms)
				LogAssemblyErrors (0ms)
				InitializePlatformSupportModulesInManaged (5ms)
				SetLoadedEditorAssemblies (1ms)
				RefreshPlugins (1ms)
				BeforeProcessingInitializeOnLoad (95ms)
				ProcessInitializeOnLoadAttributes (216ms)
				ProcessInitializeOnLoadMethodAttributes (12ms)
				AfterProcessingInitializeOnLoad (11ms)
				EditorAssembliesLoaded (0ms)
			ExecutionOrderSort2 (0ms)
			AwakeInstancesAfterBackupRestoration (12ms)
Platform modules already initialized, skipping
Refreshing native plugins compatible for Editor in 0.50 ms, found 3 plugins.
Preloading 0 native plugins for Editor in 0.00 ms.
Unloading 2182 Unused Serialized files (Serialized files now loaded: 0)
System memory in use before: 98.2 MB.
System memory in use after: 98.3 MB.

Unloading 17 unused Assets to reduce memory usage. Loaded Objects now: 2646.
Total: 3.088600 ms (FindLiveObjects: 0.219400 ms CreateObjectMapping: 0.049300 ms MarkObjects: 2.802500 ms  DeleteObjects: 0.016500 ms)

AssetImportParameters requested are different than current active one (requested -> active):
  requireTextureImportCompression: false -> true
  custom:framework-win-MediaFoundation: 216162199b28c13a410421893ffa2e32 -> 
  custom:video-decoder-ogg-theora: a1e56fd34408186e4bbccfd4996cb3dc -> 
  custom:container-muxer-webm: aa71ff27fc2769a1b78a27578f13a17b -> 
  custom:container-demuxer-webm: 4f35f7cbe854078d1ac9338744f61a02 -> 
  custom:container-demuxer-ogg: 62fdf1f143b41e24485cea50d1cbac27 -> 
  custom:video-encoder-webm-vp8: eb34c28f22e8b96e1ab97ce403110664 -> 
  custom:video-decoder-webm-vp8: 9c59270c3fd7afecdb556c50c9e8de78 -> 
  custom:audio-decoder-ogg-vorbis: bf7c407c2cedff20999df2af8eb42d56 -> 
  custom:audio-encoder-webm-vorbis: bf7c407c2cedff20999df2af8eb42d56 -> 
========================================================================
Received Prepare
Registering precompiled user dll's ...
Registered in 0.004928 seconds.
Begin MonoManager ReloadAssembly
Native extension for WindowsStandalone target not found
Refreshing native plugins compatible for Editor in 0.53 ms, found 3 plugins.
Preloading 0 native plugins for Editor in 0.00 ms.
Mono: successfully reloaded assembly
- Completed reload, in  1.103 seconds
Domain Reload Profiling:
	ReloadAssembly (1103ms)
		BeginReloadAssembly (125ms)
			ExecutionOrderSort (0ms)
			DisableScriptedObjects (7ms)
			BackupInstance (0ms)
			ReleaseScriptingObjects (0ms)
			CreateAndSetChildDomain (33ms)
		EndReloadAssembly (908ms)
			LoadAssemblies (108ms)
			RebuildTransferFunctionScriptingTraits (0ms)
			SetupTypeCache (312ms)
			ReleaseScriptCaches (1ms)
			RebuildScriptCaches (45ms)
			SetupLoadedEditorAssemblies (326ms)
				LogAssemblyErrors (0ms)
				InitializePlatformSupportModulesInManaged (5ms)
				SetLoadedEditorAssemblies (1ms)
				RefreshPlugins (1ms)
				BeforeProcessingInitializeOnLoad (92ms)
				ProcessInitializeOnLoadAttributes (206ms)
				ProcessInitializeOnLoadMethodAttributes (13ms)
				AfterProcessingInitializeOnLoad (10ms)
				EditorAssembliesLoaded (0ms)
			ExecutionOrderSort2 (0ms)
			AwakeInstancesAfterBackupRestoration (10ms)
Platform modules already initialized, skipping
Refreshing native plugins compatible for Editor in 0.53 ms, found 3 plugins.
Preloading 0 native plugins for Editor in 0.00 ms.
Unloading 2182 Unused Serialized files (Serialized files now loaded: 0)
System memory in use before: 98.2 MB.
System memory in use after: 98.3 MB.

Unloading 17 unused Assets to reduce memory usage. Loaded Objects now: 2648.
Total: 3.236500 ms (FindLiveObjects: 0.220300 ms CreateObjectMapping: 0.055300 ms MarkObjects: 2.939300 ms  DeleteObjects: 0.020500 ms)

AssetImportParameters requested are different than current active one (requested -> active):
  requireTextureImportCompression: false -> true
  custom:framework-win-MediaFoundation: 216162199b28c13a410421893ffa2e32 -> 
  custom:video-decoder-ogg-theora: a1e56fd34408186e4bbccfd4996cb3dc -> 
  custom:container-muxer-webm: aa71ff27fc2769a1b78a27578f13a17b -> 
  custom:container-demuxer-webm: 4f35f7cbe854078d1ac9338744f61a02 -> 
  custom:container-demuxer-ogg: 62fdf1f143b41e24485cea50d1cbac27 -> 
  custom:video-encoder-webm-vp8: eb34c28f22e8b96e1ab97ce403110664 -> 
  custom:video-decoder-webm-vp8: 9c59270c3fd7afecdb556c50c9e8de78 -> 
  custom:audio-decoder-ogg-vorbis: bf7c407c2cedff20999df2af8eb42d56 -> 
  custom:audio-encoder-webm-vorbis: bf7c407c2cedff20999df2af8eb42d56 -> 
========================================================================
Received Prepare
Registering precompiled user dll's ...
Registered in 0.004973 seconds.
Begin MonoManager ReloadAssembly
Native extension for WindowsStandalone target not found
Refreshing native plugins compatible for Editor in 0.56 ms, found 3 plugins.
Preloading 0 native plugins for Editor in 0.00 ms.
Mono: successfully reloaded assembly
- Completed reload, in  1.088 seconds
Domain Reload Profiling:
	ReloadAssembly (1088ms)
		BeginReloadAssembly (127ms)
			ExecutionOrderSort (0ms)
			DisableScriptedObjects (7ms)
			BackupInstance (0ms)
			ReleaseScriptingObjects (0ms)
			CreateAndSetChildDomain (34ms)
		EndReloadAssembly (890ms)
			LoadAssemblies (103ms)
			RebuildTransferFunctionScriptingTraits (0ms)
			SetupTypeCache (305ms)
			ReleaseScriptCaches (1ms)
			RebuildScriptCaches (44ms)
			SetupLoadedEditorAssemblies (331ms)
				LogAssemblyErrors (0ms)
				InitializePlatformSupportModulesInManaged (5ms)
				SetLoadedEditorAssemblies (1ms)
				RefreshPlugins (1ms)
				BeforeProcessingInitializeOnLoad (89ms)
				ProcessInitializeOnLoadAttributes (212ms)
				ProcessInitializeOnLoadMethodAttributes (14ms)
				AfterProcessingInitializeOnLoad (10ms)
				EditorAssembliesLoaded (0ms)
			ExecutionOrderSort2 (0ms)
			AwakeInstancesAfterBackupRestoration (11ms)
Platform modules already initialized, skipping
Refreshing native plugins compatible for Editor in 0.52 ms, found 3 plugins.
Preloading 0 native plugins for Editor in 0.00 ms.
Unloading 2182 Unused Serialized files (Serialized files now loaded: 0)
System memory in use before: 98.2 MB.
System memory in use after: 98.4 MB.

Unloading 17 unused Assets to reduce memory usage. Loaded Objects now: 2650.
Total: 3.336500 ms (FindLiveObjects: 0.200400 ms CreateObjectMapping: 0.052600 ms MarkObjects: 3.059700 ms  DeleteObjects: 0.022700 ms)

AssetImportParameters requested are different than current active one (requested -> active):
  requireTextureImportCompression: false -> true
  custom:framework-win-MediaFoundation: 216162199b28c13a410421893ffa2e32 -> 
  custom:video-decoder-ogg-theora: a1e56fd34408186e4bbccfd4996cb3dc -> 
  custom:container-muxer-webm: aa71ff27fc2769a1b78a27578f13a17b -> 
  custom:container-demuxer-webm: 4f35f7cbe854078d1ac9338744f61a02 -> 
  custom:container-demuxer-ogg: 62fdf1f143b41e24485cea50d1cbac27 -> 
  custom:video-encoder-webm-vp8: eb34c28f22e8b96e1ab97ce403110664 -> 
  custom:video-decoder-webm-vp8: 9c59270c3fd7afecdb556c50c9e8de78 -> 
  custom:audio-decoder-ogg-vorbis: bf7c407c2cedff20999df2af8eb42d56 -> 
  custom:audio-encoder-webm-vorbis: bf7c407c2cedff20999df2af8eb42d56 -> 
========================================================================
Received Import Request.
  Time since last request: 735.858095 seconds.
  path: Assets/Carcel2d/Art/Tileset/suelo2.png
  artifactKey: Guid(dc331f479b1f6034fb77bb9f8fcc0496) Importer(815301076,1909f56bfc062723c751e8b465ee728b)
Start importing Assets/Carcel2d/Art/Tileset/suelo2.png using Guid(dc331f479b1f6034fb77bb9f8fcc0496) Importer(815301076,1909f56bfc062723c751e8b465ee728b)  -> (artifact id: '89ff8988607cc5ed0cbc09f1bdadfcc4') in 0.053121 seconds 
  Import took 0.057184 seconds .

========================================================================
Received Import Request.
  Time since last request: 17.847390 seconds.
  path: Assets/Carcel2d/Art/Tileset/suelo2.png
  artifactKey: Guid(dc331f479b1f6034fb77bb9f8fcc0496) Importer(815301076,1909f56bfc062723c751e8b465ee728b)
Start importing Assets/Carcel2d/Art/Tileset/suelo2.png using Guid(dc331f479b1f6034fb77bb9f8fcc0496) Importer(815301076,1909f56bfc062723c751e8b465ee728b)  -> (artifact id: '44d5f071c91b731be0eb7193ea6a6706') in 0.008964 seconds 
  Import took 0.012625 seconds .

========================================================================
Received Import Request.
  Time since last request: 15.258275 seconds.
  path: Assets/Carcel2d/Art/Tileset/suelo2.png
  artifactKey: Guid(dc331f479b1f6034fb77bb9f8fcc0496) Importer(815301076,1909f56bfc062723c751e8b465ee728b)
Start importing Assets/Carcel2d/Art/Tileset/suelo2.png using Guid(dc331f479b1f6034fb77bb9f8fcc0496) Importer(815301076,1909f56bfc062723c751e8b465ee728b)  -> (artifact id: 'f624bad045881b76fe1a67ea9735b809') in 0.011651 seconds 
  Import took 0.015508 seconds .

========================================================================
Received Import Request.
  Time since last request: 244.870167 seconds.
  path: Assets/Carcel2d/Art/Tileset/suelo2 1.png
  artifactKey: Guid(a2a062736cabbdc4ba785a987695d871) Importer(815301076,1909f56bfc062723c751e8b465ee728b)
Start importing Assets/Carcel2d/Art/Tileset/suelo2 1.png using Guid(a2a062736cabbdc4ba785a987695d871) Importer(815301076,1909f56bfc062723c751e8b465ee728b)  -> (artifact id: '630ceae62c0dcb12f1581c6258f24c25') in 0.013465 seconds 
  Import took 0.017691 seconds .

========================================================================
Received Import Request.
  Time since last request: 5.763755 seconds.
  path: Assets/Carcel2d/Art/Tileset/suelo3.png
  artifactKey: Guid(a2a062736cabbdc4ba785a987695d871) Importer(815301076,1909f56bfc062723c751e8b465ee728b)
Start importing Assets/Carcel2d/Art/Tileset/suelo3.png using Guid(a2a062736cabbdc4ba785a987695d871) Importer(815301076,1909f56bfc062723c751e8b465ee728b)  -> (artifact id: '8609580baea71ba4a4b34bc7bdb9b3bb') in 0.011736 seconds 
  Import took 0.015610 seconds .

========================================================================
Received Import Request.
  Time since last request: 16.583734 seconds.
  path: Assets/Carcel2d/Art/Tileset/suelo3.png
  artifactKey: Guid(a2a062736cabbdc4ba785a987695d871) Importer(815301076,1909f56bfc062723c751e8b465ee728b)
Start importing Assets/Carcel2d/Art/Tileset/suelo3.png using Guid(a2a062736cabbdc4ba785a987695d871) Importer(815301076,1909f56bfc062723c751e8b465ee728b)  -> (artifact id: 'af01492abd69d5301eb350dbe4cbce53') in 0.008338 seconds 
  Import took 0.011727 seconds .

========================================================================
Received Import Request.
  Time since last request: 10.071483 seconds.
  path: Assets/Carcel2d/Art/Tileset/suelo3.png
  artifactKey: Guid(a2a062736cabbdc4ba785a987695d871) Importer(815301076,1909f56bfc062723c751e8b465ee728b)
Start importing Assets/Carcel2d/Art/Tileset/suelo3.png using Guid(a2a062736cabbdc4ba785a987695d871) Importer(815301076,1909f56bfc062723c751e8b465ee728b)  -> (artifact id: '6558adcae92066f950da82d964d235f4') in 0.011564 seconds 
  Import took 0.016153 seconds .

========================================================================
Received Prepare
Registering precompiled user dll's ...
Registered in 0.004958 seconds.
Begin MonoManager ReloadAssembly
Native extension for WindowsStandalone target not found
Refreshing native plugins compatible for Editor in 0.51 ms, found 3 plugins.
Preloading 0 native plugins for Editor in 0.00 ms.
Mono: successfully reloaded assembly
- Completed reload, in  1.082 seconds
Domain Reload Profiling:
	ReloadAssembly (1082ms)
		BeginReloadAssembly (127ms)
			ExecutionOrderSort (0ms)
			DisableScriptedObjects (7ms)
			BackupInstance (0ms)
			ReleaseScriptingObjects (0ms)
			CreateAndSetChildDomain (41ms)
		EndReloadAssembly (885ms)
			LoadAssemblies (102ms)
			RebuildTransferFunctionScriptingTraits (0ms)
			SetupTypeCache (302ms)
			ReleaseScriptCaches (1ms)
			RebuildScriptCaches (49ms)
			SetupLoadedEditorAssemblies (325ms)
				LogAssemblyErrors (0ms)
				InitializePlatformSupportModulesInManaged (5ms)
				SetLoadedEditorAssemblies (1ms)
				RefreshPlugins (1ms)
				BeforeProcessingInitializeOnLoad (86ms)
				ProcessInitializeOnLoadAttributes (211ms)
				ProcessInitializeOnLoadMethodAttributes (12ms)
				AfterProcessingInitializeOnLoad (10ms)
				EditorAssembliesLoaded (0ms)
			ExecutionOrderSort2 (0ms)
			AwakeInstancesAfterBackupRestoration (9ms)
Platform modules already initialized, skipping
Refreshing native plugins compatible for Editor in 0.58 ms, found 3 plugins.
Preloading 0 native plugins for Editor in 0.00 ms.
Unloading 2182 Unused Serialized files (Serialized files now loaded: 0)
System memory in use before: 98.3 MB.
System memory in use after: 98.4 MB.

Unloading 17 unused Assets to reduce memory usage. Loaded Objects now: 2653.
Total: 3.274600 ms (FindLiveObjects: 0.216000 ms CreateObjectMapping: 0.051000 ms MarkObjects: 2.981200 ms  DeleteObjects: 0.025200 ms)

AssetImportParameters requested are different than current active one (requested -> active):
  requireTextureImportCompression: false -> true
  custom:framework-win-MediaFoundation: 216162199b28c13a410421893ffa2e32 -> 
  custom:video-decoder-ogg-theora: a1e56fd34408186e4bbccfd4996cb3dc -> 
  custom:container-muxer-webm: aa71ff27fc2769a1b78a27578f13a17b -> 
  custom:container-demuxer-webm: 4f35f7cbe854078d1ac9338744f61a02 -> 
  custom:container-demuxer-ogg: 62fdf1f143b41e24485cea50d1cbac27 -> 
  custom:video-encoder-webm-vp8: eb34c28f22e8b96e1ab97ce403110664 -> 
  custom:video-decoder-webm-vp8: 9c59270c3fd7afecdb556c50c9e8de78 -> 
  custom:audio-decoder-ogg-vorbis: bf7c407c2cedff20999df2af8eb42d56 -> 
  custom:audio-encoder-webm-vorbis: bf7c407c2cedff20999df2af8eb42d56 -> 
========================================================================
Received Prepare
Registering precompiled user dll's ...
Registered in 0.004960 seconds.
Begin MonoManager ReloadAssembly
Native extension for WindowsStandalone target not found
Refreshing native plugins compatible for Editor in 0.52 ms, found 3 plugins.
Preloading 0 native plugins for Editor in 0.00 ms.
Mono: successfully reloaded assembly
- Completed reload, in  1.079 seconds
Domain Reload Profiling:
	ReloadAssembly (1079ms)
		BeginReloadAssembly (119ms)
			ExecutionOrderSort (0ms)
			DisableScriptedObjects (7ms)
			BackupInstance (0ms)
			ReleaseScriptingObjects (0ms)
			CreateAndSetChildDomain (32ms)
		EndReloadAssembly (890ms)
			LoadAssemblies (101ms)
			RebuildTransferFunctionScriptingTraits (0ms)
			SetupTypeCache (313ms)
			ReleaseScriptCaches (1ms)
			RebuildScriptCaches (45ms)
			SetupLoadedEditorAssemblies (321ms)
				LogAssemblyErrors (0ms)
				InitializePlatformSupportModulesInManaged (5ms)
				SetLoadedEditorAssemblies (1ms)
				RefreshPlugins (1ms)
				BeforeProcessingInitializeOnLoad (86ms)
				ProcessInitializeOnLoadAttributes (207ms)
				ProcessInitializeOnLoadMethodAttributes (12ms)
				AfterProcessingInitializeOnLoad (9ms)
				EditorAssembliesLoaded (0ms)
			ExecutionOrderSort2 (0ms)
			AwakeInstancesAfterBackupRestoration (11ms)
Platform modules already initialized, skipping
Refreshing native plugins compatible for Editor in 0.53 ms, found 3 plugins.
Preloading 0 native plugins for Editor in 0.00 ms.
Unloading 2182 Unused Serialized files (Serialized files now loaded: 0)
System memory in use before: 98.3 MB.
System memory in use after: 98.4 MB.

Unloading 17 unused Assets to reduce memory usage. Loaded Objects now: 2655.
Total: 3.291500 ms (FindLiveObjects: 0.206700 ms CreateObjectMapping: 0.051700 ms MarkObjects: 3.011800 ms  DeleteObjects: 0.020100 ms)

AssetImportParameters requested are different than current active one (requested -> active):
  requireTextureImportCompression: false -> true
  custom:framework-win-MediaFoundation: 216162199b28c13a410421893ffa2e32 -> 
  custom:video-decoder-ogg-theora: a1e56fd34408186e4bbccfd4996cb3dc -> 
  custom:container-muxer-webm: aa71ff27fc2769a1b78a27578f13a17b -> 
  custom:container-demuxer-webm: 4f35f7cbe854078d1ac9338744f61a02 -> 
  custom:container-demuxer-ogg: 62fdf1f143b41e24485cea50d1cbac27 -> 
  custom:video-encoder-webm-vp8: eb34c28f22e8b96e1ab97ce403110664 -> 
  custom:video-decoder-webm-vp8: 9c59270c3fd7afecdb556c50c9e8de78 -> 
  custom:audio-decoder-ogg-vorbis: bf7c407c2cedff20999df2af8eb42d56 -> 
  custom:audio-encoder-webm-vorbis: bf7c407c2cedff20999df2af8eb42d56 -> 
========================================================================
Received Prepare
Registering precompiled user dll's ...
Registered in 0.004975 seconds.
Begin MonoManager ReloadAssembly
Native extension for WindowsStandalone target not found
Refreshing native plugins compatible for Editor in 0.53 ms, found 3 plugins.
Preloading 0 native plugins for Editor in 0.00 ms.
Mono: successfully reloaded assembly
- Completed reload, in  1.085 seconds
Domain Reload Profiling:
	ReloadAssembly (1086ms)
		BeginReloadAssembly (129ms)
			ExecutionOrderSort (0ms)
			DisableScriptedObjects (7ms)
			BackupInstance (0ms)
			ReleaseScriptingObjects (0ms)
			CreateAndSetChildDomain (32ms)
		EndReloadAssembly (880ms)
			LoadAssemblies (107ms)
			RebuildTransferFunctionScriptingTraits (0ms)
			SetupTypeCache (308ms)
			ReleaseScriptCaches (1ms)
			RebuildScriptCaches (45ms)
			SetupLoadedEditorAssemblies (319ms)
				LogAssemblyErrors (0ms)
				InitializePlatformSupportModulesInManaged (5ms)
				SetLoadedEditorAssemblies (1ms)
				RefreshPlugins (1ms)
				BeforeProcessingInitializeOnLoad (85ms)
				ProcessInitializeOnLoadAttributes (206ms)
				ProcessInitializeOnLoadMethodAttributes (12ms)
				AfterProcessingInitializeOnLoad (10ms)
				EditorAssembliesLoaded (0ms)
			ExecutionOrderSort2 (0ms)
			AwakeInstancesAfterBackupRestoration (10ms)
Platform modules already initialized, skipping
Refreshing native plugins compatible for Editor in 0.81 ms, found 3 plugins.
Preloading 0 native plugins for Editor in 0.00 ms.
Unloading 2182 Unused Serialized files (Serialized files now loaded: 0)
System memory in use before: 98.3 MB.
System memory in use after: 98.4 MB.

Unloading 17 unused Assets to reduce memory usage. Loaded Objects now: 2657.
Total: 3.397900 ms (FindLiveObjects: 0.205400 ms CreateObjectMapping: 0.051500 ms MarkObjects: 3.120700 ms  DeleteObjects: 0.018500 ms)

AssetImportParameters requested are different than current active one (requested -> active):
  requireTextureImportCompression: false -> true
  custom:framework-win-MediaFoundation: 216162199b28c13a410421893ffa2e32 -> 
  custom:video-decoder-ogg-theora: a1e56fd34408186e4bbccfd4996cb3dc -> 
  custom:container-muxer-webm: aa71ff27fc2769a1b78a27578f13a17b -> 
  custom:container-demuxer-webm: 4f35f7cbe854078d1ac9338744f61a02 -> 
  custom:container-demuxer-ogg: 62fdf1f143b41e24485cea50d1cbac27 -> 
  custom:video-encoder-webm-vp8: eb34c28f22e8b96e1ab97ce403110664 -> 
  custom:video-decoder-webm-vp8: 9c59270c3fd7afecdb556c50c9e8de78 -> 
  custom:audio-decoder-ogg-vorbis: bf7c407c2cedff20999df2af8eb42d56 -> 
  custom:audio-encoder-webm-vorbis: bf7c407c2cedff20999df2af8eb42d56 -> 
========================================================================
Received Prepare
Registering precompiled user dll's ...
Registered in 0.005172 seconds.
Begin MonoManager ReloadAssembly
Native extension for WindowsStandalone target not found
Refreshing native plugins compatible for Editor in 0.53 ms, found 3 plugins.
Preloading 0 native plugins for Editor in 0.00 ms.
Mono: successfully reloaded assembly
- Completed reload, in  1.066 seconds
Domain Reload Profiling:
	ReloadAssembly (1066ms)
		BeginReloadAssembly (112ms)
			ExecutionOrderSort (0ms)
			DisableScriptedObjects (8ms)
			BackupInstance (0ms)
			ReleaseScriptingObjects (0ms)
			CreateAndSetChildDomain (32ms)
		EndReloadAssembly (885ms)
			LoadAssemblies (99ms)
			RebuildTransferFunctionScriptingTraits (0ms)
			SetupTypeCache (308ms)
			ReleaseScriptCaches (1ms)
			RebuildScriptCaches (44ms)
			SetupLoadedEditorAssemblies (321ms)
				LogAssemblyErrors (0ms)
				InitializePlatformSupportModulesInManaged (5ms)
				SetLoadedEditorAssemblies (1ms)
				RefreshPlugins (1ms)
				BeforeProcessingInitializeOnLoad (85ms)
				ProcessInitializeOnLoadAttributes (204ms)
				ProcessInitializeOnLoadMethodAttributes (15ms)
				AfterProcessingInitializeOnLoad (12ms)
				EditorAssembliesLoaded (0ms)
			ExecutionOrderSort2 (0ms)
			AwakeInstancesAfterBackupRestoration (10ms)
Platform modules already initialized, skipping
Refreshing native plugins compatible for Editor in 0.67 ms, found 3 plugins.
Preloading 0 native plugins for Editor in 0.00 ms.
Unloading 2182 Unused Serialized files (Serialized files now loaded: 0)
System memory in use before: 98.3 MB.
System memory in use after: 98.4 MB.

Unloading 17 unused Assets to reduce memory usage. Loaded Objects now: 2659.
Total: 3.203700 ms (FindLiveObjects: 0.203000 ms CreateObjectMapping: 0.060900 ms MarkObjects: 2.921100 ms  DeleteObjects: 0.017600 ms)

AssetImportParameters requested are different than current active one (requested -> active):
  requireTextureImportCompression: false -> true
  custom:framework-win-MediaFoundation: 216162199b28c13a410421893ffa2e32 -> 
  custom:video-decoder-ogg-theora: a1e56fd34408186e4bbccfd4996cb3dc -> 
  custom:container-muxer-webm: aa71ff27fc2769a1b78a27578f13a17b -> 
  custom:container-demuxer-webm: 4f35f7cbe854078d1ac9338744f61a02 -> 
  custom:container-demuxer-ogg: 62fdf1f143b41e24485cea50d1cbac27 -> 
  custom:video-encoder-webm-vp8: eb34c28f22e8b96e1ab97ce403110664 -> 
  custom:video-decoder-webm-vp8: 9c59270c3fd7afecdb556c50c9e8de78 -> 
  custom:audio-decoder-ogg-vorbis: bf7c407c2cedff20999df2af8eb42d56 -> 
  custom:audio-encoder-webm-vorbis: bf7c407c2cedff20999df2af8eb42d56 -> 
========================================================================
Received Prepare
Registering precompiled user dll's ...
Registered in 0.004960 seconds.
Begin MonoManager ReloadAssembly
Native extension for WindowsStandalone target not found
Refreshing native plugins compatible for Editor in 0.59 ms, found 3 plugins.
Preloading 0 native plugins for Editor in 0.00 ms.
Mono: successfully reloaded assembly
- Completed reload, in  1.075 seconds
Domain Reload Profiling:
	ReloadAssembly (1075ms)
		BeginReloadAssembly (120ms)
			ExecutionOrderSort (0ms)
			DisableScriptedObjects (7ms)
			BackupInstance (0ms)
			ReleaseScriptingObjects (0ms)
			CreateAndSetChildDomain (32ms)
		EndReloadAssembly (888ms)
			LoadAssemblies (108ms)
			RebuildTransferFunctionScriptingTraits (0ms)
			SetupTypeCache (302ms)
			ReleaseScriptCaches (1ms)
			RebuildScriptCaches (44ms)
			SetupLoadedEditorAssemblies (332ms)
				LogAssemblyErrors (0ms)
				InitializePlatformSupportModulesInManaged (5ms)
				SetLoadedEditorAssemblies (1ms)
				RefreshPlugins (1ms)
				BeforeProcessingInitializeOnLoad (86ms)
				ProcessInitializeOnLoadAttributes (219ms)
				ProcessInitializeOnLoadMethodAttributes (12ms)
				AfterProcessingInitializeOnLoad (9ms)
				EditorAssembliesLoaded (0ms)
			ExecutionOrderSort2 (0ms)
			AwakeInstancesAfterBackupRestoration (9ms)
Platform modules already initialized, skipping
Refreshing native plugins compatible for Editor in 0.63 ms, found 3 plugins.
Preloading 0 native plugins for Editor in 0.00 ms.
Unloading 2182 Unused Serialized files (Serialized files now loaded: 0)
System memory in use before: 98.3 MB.
System memory in use after: 98.4 MB.

Unloading 17 unused Assets to reduce memory usage. Loaded Objects now: 2661.
Total: 3.459100 ms (FindLiveObjects: 0.214000 ms CreateObjectMapping: 0.050000 ms MarkObjects: 3.171000 ms  DeleteObjects: 0.022200 ms)

AssetImportParameters requested are different than current active one (requested -> active):
  requireTextureImportCompression: false -> true
  custom:framework-win-MediaFoundation: 216162199b28c13a410421893ffa2e32 -> 
  custom:video-decoder-ogg-theora: a1e56fd34408186e4bbccfd4996cb3dc -> 
  custom:container-muxer-webm: aa71ff27fc2769a1b78a27578f13a17b -> 
  custom:container-demuxer-webm: 4f35f7cbe854078d1ac9338744f61a02 -> 
  custom:container-demuxer-ogg: 62fdf1f143b41e24485cea50d1cbac27 -> 
  custom:video-encoder-webm-vp8: eb34c28f22e8b96e1ab97ce403110664 -> 
  custom:video-decoder-webm-vp8: 9c59270c3fd7afecdb556c50c9e8de78 -> 
  custom:audio-decoder-ogg-vorbis: bf7c407c2cedff20999df2af8eb42d56 -> 
  custom:audio-encoder-webm-vorbis: bf7c407c2cedff20999df2af8eb42d56 -> 
========================================================================
Received Prepare
Registering precompiled user dll's ...
Registered in 0.005178 seconds.
Begin MonoManager ReloadAssembly
Native extension for WindowsStandalone target not found
Refreshing native plugins compatible for Editor in 0.55 ms, found 3 plugins.
Preloading 0 native plugins for Editor in 0.00 ms.
Mono: successfully reloaded assembly
- Completed reload, in  1.104 seconds
Domain Reload Profiling:
	ReloadAssembly (1105ms)
		BeginReloadAssembly (125ms)
			ExecutionOrderSort (0ms)
			DisableScriptedObjects (7ms)
			BackupInstance (0ms)
			ReleaseScriptingObjects (0ms)
			CreateAndSetChildDomain (34ms)
		EndReloadAssembly (906ms)
			LoadAssemblies (107ms)
			RebuildTransferFunctionScriptingTraits (0ms)
			SetupTypeCache (323ms)
			ReleaseScriptCaches (1ms)
			RebuildScriptCaches (45ms)
			SetupLoadedEditorAssemblies (325ms)
				LogAssemblyErrors (0ms)
				InitializePlatformSupportModulesInManaged (5ms)
				SetLoadedEditorAssemblies (1ms)
				RefreshPlugins (1ms)
				BeforeProcessingInitializeOnLoad (88ms)
				ProcessInitializeOnLoadAttributes (209ms)
				ProcessInitializeOnLoadMethodAttributes (12ms)
				AfterProcessingInitializeOnLoad (9ms)
				EditorAssembliesLoaded (0ms)
			ExecutionOrderSort2 (0ms)
			AwakeInstancesAfterBackupRestoration (10ms)
Platform modules already initialized, skipping
Refreshing native plugins compatible for Editor in 0.57 ms, found 3 plugins.
Preloading 0 native plugins for Editor in 0.00 ms.
Unloading 2182 Unused Serialized files (Serialized files now loaded: 0)
System memory in use before: 98.3 MB.
System memory in use after: 98.4 MB.

Unloading 17 unused Assets to reduce memory usage. Loaded Objects now: 2663.
Total: 3.165100 ms (FindLiveObjects: 0.224800 ms CreateObjectMapping: 0.052600 ms MarkObjects: 2.861700 ms  DeleteObjects: 0.024600 ms)

AssetImportParameters requested are different than current active one (requested -> active):
  requireTextureImportCompression: false -> true
  custom:framework-win-MediaFoundation: 216162199b28c13a410421893ffa2e32 -> 
  custom:video-decoder-ogg-theora: a1e56fd34408186e4bbccfd4996cb3dc -> 
  custom:container-muxer-webm: aa71ff27fc2769a1b78a27578f13a17b -> 
  custom:container-demuxer-webm: 4f35f7cbe854078d1ac9338744f61a02 -> 
  custom:container-demuxer-ogg: 62fdf1f143b41e24485cea50d1cbac27 -> 
  custom:video-encoder-webm-vp8: eb34c28f22e8b96e1ab97ce403110664 -> 
  custom:video-decoder-webm-vp8: 9c59270c3fd7afecdb556c50c9e8de78 -> 
  custom:audio-decoder-ogg-vorbis: bf7c407c2cedff20999df2af8eb42d56 -> 
  custom:audio-encoder-webm-vorbis: bf7c407c2cedff20999df2af8eb42d56 -> 
========================================================================
Received Import Request.
  Time since last request: 2555.541618 seconds.
  path: Assets/Carcel2d/Art/Tileset/Ventana retocada.png
  artifactKey: Guid(a55f6cc31a9bc5349aaad71cd3f4037d) Importer(815301076,1909f56bfc062723c751e8b465ee728b)
Start importing Assets/Carcel2d/Art/Tileset/Ventana retocada.png using Guid(a55f6cc31a9bc5349aaad71cd3f4037d) Importer(815301076,1909f56bfc062723c751e8b465ee728b)  -> (artifact id: '2b227227c354761f7e6dbe85943132f8') in 0.065946 seconds 
  Import took 0.070372 seconds .

========================================================================
Received Import Request.
  Time since last request: 14.447076 seconds.
  path: Assets/Carcel2d/Art/Tileset/Ventana retocada.png
  artifactKey: Guid(a55f6cc31a9bc5349aaad71cd3f4037d) Importer(815301076,1909f56bfc062723c751e8b465ee728b)
Start importing Assets/Carcel2d/Art/Tileset/Ventana retocada.png using Guid(a55f6cc31a9bc5349aaad71cd3f4037d) Importer(815301076,1909f56bfc062723c751e8b465ee728b)  -> (artifact id: '5d57113c288b1edc78306cc652da9d70') in 0.009602 seconds 
  Import took 0.013832 seconds .

========================================================================
Received Import Request.
  Time since last request: 12.853634 seconds.
  path: Assets/Carcel2d/Art/Tileset/Ventana retocada.png
  artifactKey: Guid(a55f6cc31a9bc5349aaad71cd3f4037d) Importer(815301076,1909f56bfc062723c751e8b465ee728b)
Start importing Assets/Carcel2d/Art/Tileset/Ventana retocada.png using Guid(a55f6cc31a9bc5349aaad71cd3f4037d) Importer(815301076,1909f56bfc062723c751e8b465ee728b)  -> (artifact id: '6ff87e206435c8f143256947ee6cc03a') in 0.013515 seconds 
  Import took 0.017715 seconds .

AssetImportWorkerClient::OnTransportError - code=2 error=End of file
